#
# A fatal error has been detected by the Java Runtime Environment:
#
#  SIGSEGV (0xb) at pc=0x000078301bb48df2, pid=312370, tid=312420
#
# JRE version: Java(TM) SE Runtime Environment (22.0.1+8) (build 22.0.1+8-16)
# Java VM: Java HotSpot(TM) 64-Bit Server VM (22.0.1+8-16, mixed mode, sharing, tiered, compressed oops, compressed class ptrs, g1 gc, linux-amd64)
# Problematic frame:
# C  [libGLdispatch.so.0+0x40df2]
#
# Core dump will be written. Default location: Core dumps may be processed with "/usr/share/apport/apport -p%p -s%s -c%c -d%d -P%P -u%u -g%g -- %E" (or dumping to /home/camilinpinwin/Documents/JavaShit/game/core.312370)
#
# If you would like to submit a bug report, please visit:
#   https://bugreport.java.com/bugreport/crash.jsp
# The crash happened outside the Java Virtual Machine in native code.
# See problematic frame for where to report the bug.
#

---------------  S U M M A R Y ------------

Command Line: -agentlib:jdwp=transport=dt_socket,server=n,suspend=y,address=localhost:37141 -XX:+ShowCodeDetailsInExceptionMessages --module-path=/home/camilinpinwin/Documents/JavaShit/game/target/classes:/home/camilinpinwin/.m2/repository/org/openjfx/javafx-controls/22.0.1/javafx-controls-22.0.1-linux.jar:/home/camilinpinwin/.m2/repository/org/openjfx/javafx-graphics/22.0.1/javafx-graphics-22.0.1-linux.jar:/home/camilinpinwin/.m2/repository/org/openjfx/javafx-base/22.0.1/javafx-base-22.0.1-linux.jar:/home/camilinpinwin/.m2/repository/org/openjfx/javafx-fxml/22.0.1/javafx-fxml-22.0.1-linux.jar -Djdk.module.main=co.edu.uptc co.edu.uptc/co.edu.uptc.Runner

Host: Intel(R) Core(TM) i3-6006U CPU @ 2.00GHz, 4 cores, 3G, 